<?xml version="1.0" encoding="UTF-8"?>
<!-- Generated by org.testng.reporters.JUnitXMLReporter -->
<testsuite ignored="0" hostname="Ajinkyas-MacBook-Air.local" failures="0" tests="5" name="Test" time="39.37" errors="0" timestamp="2024-10-28T12:44:48 GMT-07:00">
  <testcase classname="com.automation.tests.SelAuto" name="Test1" time="8.606"/>
  <testcase classname="com.automation.tests.SelAuto" name="Test2" time="5.093"/>
  <testcase classname="com.automation.tests.SelAuto" name="Test3" time="10.272"/>
  <testcase classname="com.automation.tests.SelAuto" name="Test4b" time="5.424"/>
  <testcase classname="com.automation.tests.SelAuto" name="Test17" time="9.413"/>
</testsuite> <!-- Test -->
