<?xml version="1.0" encoding="UTF-8"?>
<testng-results ignored="0" total="5" passed="5" failed="0" skipped="0">
  <reporter-output>
  </reporter-output>
  <suite started-at="2024-10-28T12:44:08 GMT-07:00" name="Suite" finished-at="2024-10-28T12:44:47 GMT-07:00" duration-ms="39370">
    <groups>
    </groups>
    <test started-at="2024-10-28T12:44:08 GMT-07:00" name="Test" finished-at="2024-10-28T12:44:47 GMT-07:00" duration-ms="39370">
      <class name="com.automation.tests.SelAuto">
        <test-method signature="Test1()[pri:1, instance:com.automation.tests.SelAuto@db44aa2]" started-at="2024-10-28T12:44:08 GMT-07:00" name="Test1" finished-at="2024-10-28T12:44:17 GMT-07:00" duration-ms="8606" status="PASS">
          <reporter-output>
          </reporter-output>
        </test-method> <!-- Test1 -->
        <test-method signature="Test2()[pri:2, instance:com.automation.tests.SelAuto@db44aa2]" started-at="2024-10-28T12:44:17 GMT-07:00" name="Test2" finished-at="2024-10-28T12:44:22 GMT-07:00" duration-ms="5093" status="PASS">
          <reporter-output>
          </reporter-output>
        </test-method> <!-- Test2 -->
        <test-method signature="Test3()[pri:3, instance:com.automation.tests.SelAuto@db44aa2]" started-at="2024-10-28T12:44:22 GMT-07:00" name="Test3" finished-at="2024-10-28T12:44:32 GMT-07:00" duration-ms="10272" status="PASS">
          <reporter-output>
          </reporter-output>
        </test-method> <!-- Test3 -->
        <test-method signature="Test4b()[pri:4, instance:com.automation.tests.SelAuto@db44aa2]" started-at="2024-10-28T12:44:32 GMT-07:00" name="Test4b" finished-at="2024-10-28T12:44:37 GMT-07:00" duration-ms="5424" status="PASS">
          <reporter-output>
          </reporter-output>
        </test-method> <!-- Test4b -->
        <test-method signature="Test17()[pri:5, instance:com.automation.tests.SelAuto@db44aa2]" started-at="2024-10-28T12:44:37 GMT-07:00" name="Test17" finished-at="2024-10-28T12:44:47 GMT-07:00" duration-ms="9413" status="PASS">
          <reporter-output>
          </reporter-output>
        </test-method> <!-- Test17 -->
      </class> <!-- com.automation.tests.SelAuto -->
    </test> <!-- Test -->
  </suite> <!-- Suite -->
</testng-results>
